C:\USERS\GLENN\DOCUMENTS\VISUAL STUDIO 2012\PROJECTS\PLANEFIT\PLANEFIT\DEBUG\PLANEFIT.PCH
C:\USERS\GLENN\DOCUMENTS\VISUAL STUDIO 2012\PROJECTS\PLANEFIT\PLANEFIT\DEBUG\STDAFX.OBJ
C:\USERS\GLENN\DOCUMENTS\VISUAL STUDIO 2012\PROJECTS\PLANEFIT\PLANEFIT\DEBUG\VC110.PDB
C:\USERS\GLENN\DOCUMENTS\VISUAL STUDIO 2012\PROJECTS\PLANEFIT\PLANEFIT\DEBUG\PLANEFIT.OBJ
C:\USERS\GLENN\DOCUMENTS\VISUAL STUDIO 2012\PROJECTS\PLANEFIT\DEBUG\PLANEFIT.ILK
C:\USERS\GLENN\DOCUMENTS\VISUAL STUDIO 2012\PROJECTS\PLANEFIT\DEBUG\PLANEFIT.EXE
C:\USERS\GLENN\DOCUMENTS\VISUAL STUDIO 2012\PROJECTS\PLANEFIT\DEBUG\PLANEFIT.PDB
c:\Users\Glenn\documents\visual studio 2012\Projects\planefit\planefit\Debug\planefit.obj
c:\Users\Glenn\documents\visual studio 2012\Projects\planefit\planefit\Debug\stdafx.obj
c:\Users\Glenn\documents\visual studio 2012\Projects\planefit\planefit\Debug\cl.command.1.tlog
c:\Users\Glenn\documents\visual studio 2012\Projects\planefit\planefit\Debug\CL.read.1.tlog
c:\Users\Glenn\documents\visual studio 2012\Projects\planefit\planefit\Debug\CL.write.1.tlog
c:\Users\Glenn\documents\visual studio 2012\Projects\planefit\planefit\Debug\link-cvtres.read.1.tlog
c:\Users\Glenn\documents\visual studio 2012\Projects\planefit\planefit\Debug\link-cvtres.write.1.tlog
c:\Users\Glenn\documents\visual studio 2012\Projects\planefit\planefit\Debug\link-rc.read.1.tlog
c:\Users\Glenn\documents\visual studio 2012\Projects\planefit\planefit\Debug\link-rc.write.1.tlog
c:\Users\Glenn\documents\visual studio 2012\Projects\planefit\planefit\Debug\link.command.1.tlog
c:\Users\Glenn\documents\visual studio 2012\Projects\planefit\planefit\Debug\link.read.1.tlog
c:\Users\Glenn\documents\visual studio 2012\Projects\planefit\planefit\Debug\link.write.1.tlog
c:\Users\Glenn\documents\visual studio 2012\Projects\planefit\planefit\Debug\planefit.pch
c:\Users\Glenn\documents\visual studio 2012\Projects\planefit\planefit\Debug\vc110.idb
c:\Users\Glenn\documents\visual studio 2012\Projects\planefit\planefit\Debug\vc110.pdb
c:\users\glenn\documents\visual studio 2012\Projects\planefit\Debug\planefit.pdb
c:\users\glenn\documents\visual studio 2012\Projects\planefit\Debug\planefit.exe
c:\users\glenn\documents\visual studio 2012\Projects\planefit\Debug\planefit.ilk
