C:\USERS\GLENN\DOCUMENTS\VISUAL STUDIO 2012\PROJECTS\PLANEFIT\PLANEFIT\X64\DEBUG\PLANEFIT.PCH
C:\USERS\GLENN\DOCUMENTS\VISUAL STUDIO 2012\PROJECTS\PLANEFIT\PLANEFIT\X64\DEBUG\STDAFX.OBJ
C:\USERS\GLENN\DOCUMENTS\VISUAL STUDIO 2012\PROJECTS\PLANEFIT\PLANEFIT\X64\DEBUG\VC110.PDB
C:\USERS\GLENN\DOCUMENTS\VISUAL STUDIO 2012\PROJECTS\PLANEFIT\PLANEFIT\X64\DEBUG\CIMG2.OBJ
C:\USERS\GLENN\DOCUMENTS\VISUAL STUDIO 2012\PROJECTS\PLANEFIT\PLANEFIT\X64\DEBUG\CIMG3D.OBJ
C:\USERS\GLENN\DOCUMENTS\VISUAL STUDIO 2012\PROJECTS\PLANEFIT\PLANEFIT\X64\DEBUG\PLANEFIT.OBJ
C:\USERS\GLENN\DOCUMENTS\VISUAL STUDIO 2012\PROJECTS\PLANEFIT\X64\DEBUG\PLANEFIT.ILK
C:\USERS\GLENN\DOCUMENTS\VISUAL STUDIO 2012\PROJECTS\PLANEFIT\X64\DEBUG\PLANEFIT.EXE
C:\USERS\GLENN\DOCUMENTS\VISUAL STUDIO 2012\PROJECTS\PLANEFIT\X64\DEBUG\PLANEFIT.PDB
c:\Users\Glenn\documents\visual studio 2012\Projects\planefit\planefit\x64\Debug\cimg2.obj
c:\Users\Glenn\documents\visual studio 2012\Projects\planefit\planefit\x64\Debug\cimg3d.obj
c:\Users\Glenn\documents\visual studio 2012\Projects\planefit\planefit\x64\Debug\planefit.obj
c:\Users\Glenn\documents\visual studio 2012\Projects\planefit\planefit\x64\Debug\stdafx.obj
c:\Users\Glenn\documents\visual studio 2012\Projects\planefit\planefit\x64\Debug\cl.command.1.tlog
c:\Users\Glenn\documents\visual studio 2012\Projects\planefit\planefit\x64\Debug\CL.read.1.tlog
c:\Users\Glenn\documents\visual studio 2012\Projects\planefit\planefit\x64\Debug\CL.write.1.tlog
c:\Users\Glenn\documents\visual studio 2012\Projects\planefit\planefit\x64\Debug\link-cvtres.read.1.tlog
c:\Users\Glenn\documents\visual studio 2012\Projects\planefit\planefit\x64\Debug\link-cvtres.write.1.tlog
c:\Users\Glenn\documents\visual studio 2012\Projects\planefit\planefit\x64\Debug\link-rc.read.1.tlog
c:\Users\Glenn\documents\visual studio 2012\Projects\planefit\planefit\x64\Debug\link-rc.write.1.tlog
c:\Users\Glenn\documents\visual studio 2012\Projects\planefit\planefit\x64\Debug\link.command.1.tlog
c:\Users\Glenn\documents\visual studio 2012\Projects\planefit\planefit\x64\Debug\link.read.1.tlog
c:\Users\Glenn\documents\visual studio 2012\Projects\planefit\planefit\x64\Debug\link.write.1.tlog
c:\Users\Glenn\documents\visual studio 2012\Projects\planefit\planefit\x64\Debug\planefit.pch
c:\Users\Glenn\documents\visual studio 2012\Projects\planefit\planefit\x64\Debug\vc110.idb
c:\Users\Glenn\documents\visual studio 2012\Projects\planefit\planefit\x64\Debug\vc110.pdb
c:\users\glenn\documents\visual studio 2012\Projects\planefit\x64\Debug\planefit.pdb
c:\users\glenn\documents\visual studio 2012\Projects\planefit\x64\Debug\planefit.exe
c:\users\glenn\documents\visual studio 2012\Projects\planefit\x64\Debug\planefit.ilk
